Build started 2014-07-27 18:09:58.
     1>Project "C:\Users\kkk\documents\visual studio 2010\Projects\test2\test2\test2.vcxproj" on node 2 (rebuild target(s)).
     1>_PrepareForClean:
         Deleting file "Debug\test2.lastbuildstate".
       InitializeBuildStatus:
         Touching "Debug\test2.unsuccessfulbuild".
       ClCompile:
         C:\Program Files (x86)\Microsoft Visual Studio 10.0\VC\bin\CL.exe /c /IC:\OpenCV\opencv\build\include /ZI /nologo /W3 /WX- /Od /Oy- /D WIN32 /D _DEBUG /D _CONSOLE /Gm /EHsc /RTC1 /MDd /GS /fp:precise /Zc:wchar_t /Zc:forScope /Fo"Debug\\" /Fd"Debug\vc100.pdb" /Gd /TP /analyze- /errorReport:prompt main.cpp zapasowa.cpp
         zapasowa.cpp
         main.cpp
     1>c:\users\kkk\documents\visual studio 2010\projects\test2\test2\main.cpp(33): warning C4018: '<' : signed/unsigned mismatch
     1>c:\users\kkk\documents\visual studio 2010\projects\test2\test2\main.cpp(96): warning C4018: '<' : signed/unsigned mismatch
     1>c:\users\kkk\documents\visual studio 2010\projects\test2\test2\main.cpp(366): warning C4018: '<' : signed/unsigned mismatch
         Generating Code...
       ManifestResourceCompile:
         C:\Program Files (x86)\Microsoft SDKs\Windows\v7.0A\bin\rc.exe /nologo /fo"Debug\test2.exe.embed.manifest.res" Debug\test2_manifest.rc 
       Link:
         C:\Program Files (x86)\Microsoft Visual Studio 10.0\VC\bin\link.exe /ERRORREPORT:PROMPT /OUT:"C:\Users\kkk\documents\visual studio 2010\Projects\test2\Debug\test2.exe" /INCREMENTAL /NOLOGO /LIBPATH:C:\OpenCV\opencv\build\x86\vc10\lib opencv_core248d.lib opencv_imgproc248.lib opencv_highgui248d.lib opencv_ml248d.lib opencv_video248d.lib opencv_features2d248d.lib opencv_calib3d248d.lib opencv_objdetect248d.lib opencv_contrib248d.lib opencv_legacy248d.lib opencv_flann248d.lib opencv_nonfree248d.lib kernel32.lib user32.lib gdi32.lib winspool.lib comdlg32.lib advapi32.lib shell32.lib ole32.lib oleaut32.lib uuid.lib odbc32.lib odbccp32.lib /MANIFEST /ManifestFile:"Debug\test2.exe.intermediate.manifest" /MANIFESTUAC:"level='asInvoker' uiAccess='false'" /DEBUG /PDB:"C:\Users\kkk\documents\visual studio 2010\Projects\test2\Debug\test2.pdb" /SUBSYSTEM:CONSOLE /TLBID:1 /DYNAMICBASE /NXCOMPAT /IMPLIB:"C:\Users\kkk\documents\visual studio 2010\Projects\test2\Debug\test2.lib" /MACHINE:X86 Debug\test2.exe.embed.manifest.res
         Debug\main.obj
         Debug\zapasowa.obj
     1>LINK : fatal error LNK1123: failure during conversion to COFF: file invalid or corrupt
     1>Done Building Project "C:\Users\kkk\documents\visual studio 2010\Projects\test2\test2\test2.vcxproj" (rebuild target(s)) -- FAILED.

Build FAILED.

Time Elapsed 00:00:02.45
